{"C:\\Users\\formacio\\Documents\\galdons\\ITAcademy-Sprint8\\src\\App.tsx": {"path":"C:\\Users\\formacio\\Documents\\galdons\\ITAcademy-Sprint8\\src\\App.tsx","statementMap":{"0":{"start":{"line":7,"column":2},"end":{"line":13,"column":2}},"1":{"start":{"line":8,"column":4},"end":{"line":11,"column":7}},"2":{"start":{"line":10,"column":10},"end":{"line":10,"column":37}},"3":{"start":{"line":15,"column":2},"end":{"line":18,"column":3}}},"fnMap":{"0":{"name":"App","decl":{"start":{"line":6,"column":9},"end":{"line":6,"column":12}},"loc":{"start":{"line":6,"column":15},"end":{"line":19,"column":1}},"line":6},"1":{"name":"(anonymous_1)","decl":{"start":{"line":7,"column":12},"end":{"line":7,"column":13}},"loc":{"start":{"line":7,"column":18},"end":{"line":12,"column":3}},"line":7},"2":{"name":"(anonymous_2)","decl":{"start":{"line":9,"column":12},"end":{"line":9,"column":13}},"loc":{"start":{"line":9,"column":24},"end":{"line":11,"column":5}},"line":9}},"branchMap":{},"s":{"0":1,"1":1,"2":0,"3":1},"f":{"0":1,"1":1,"2":0},"b":{},"_coverageSchema":"1a1c01bbd47fc00a2c39e90264f33305004495a9","hash":"7021e743ae4161de1cc56ce9b350a9fd1bc6f06d"}
}
